<?xml version="1.0" encoding="UTF-8"?>
<!-- Generated by org.testng.reporters.JUnitReportReporter -->
<testsuite name="com.newtours.testcase.RegistrationPageTest" tests="3" time="1.877" ignored="0" failures="0" timestamp="12 May 2018 11:19:54 GMT" skipped="0" hostname="DESKTOP-6GG2TDV" errors="0">
  <testcase name="FillRegistrationForm" time="1.638" classname="com.newtours.testcase.RegistrationPageTest"/>
  <testcase name="ClickOnRegistrationbutton" time="0.158" classname="com.newtours.testcase.RegistrationPageTest"/>
  <testcase name="ValidateRegistrationPageLoaded" time="0.081" classname="com.newtours.testcase.RegistrationPageTest"/>
</testsuite> <!-- com.newtours.testcase.RegistrationPageTest -->
