<?xml version="1.0" encoding="UTF-8"?>
<!-- Generated by org.testng.reporters.JUnitReportReporter -->
<testsuite name="com.newtours.testcase.LoginPageTest" tests="3" time="32.489" ignored="0" failures="0" timestamp="19 May 2018 08:24:57 GMT" skipped="0" hostname="DESKTOP-6GG2TDV" errors="0">
  <testcase name="validateloginPageTitle" time="8.787" classname="com.newtours.testcase.LoginPageTest"/>
  <testcase name="CheckFindAFlightTextIsAvailable" time="13.383" classname="com.newtours.testcase.LoginPageTest"/>
  <testcase name="ClickOnRegistrationButton" time="10.319" classname="com.newtours.testcase.LoginPageTest"/>
</testsuite> <!-- com.newtours.testcase.LoginPageTest -->
