<?xml version="1.0" encoding="UTF-8"?>
<!-- Generated by org.testng.reporters.JUnitReportReporter -->
<testsuite name="com.newtours.testcase.RegistrationPageTest" tests="3" time="1.094" ignored="0" failures="0" timestamp="19 May 2018 08:24:57 GMT" skipped="0" hostname="DESKTOP-6GG2TDV" errors="0">
  <testcase name="ValidateRegistrationPageLoaded" time="0.090" classname="com.newtours.testcase.RegistrationPageTest"/>
  <testcase name="FillRegistrationForm" time="0.907" classname="com.newtours.testcase.RegistrationPageTest"/>
  <testcase name="ClickOnRegistrationbutton" time="0.097" classname="com.newtours.testcase.RegistrationPageTest"/>
</testsuite> <!-- com.newtours.testcase.RegistrationPageTest -->
